{"/Users/czarnegar/Desktop/learn-travis/test.js":{"path":"/Users/czarnegar/Desktop/learn-travis/test.js","s":{"1":1,"2":1,"3":1,"4":1,"5":1,"6":1,"7":1,"8":1,"9":1,"10":1,"11":1,"12":1,"13":1,"14":1,"15":1,"16":1,"17":1,"18":1,"19":1,"20":1,"21":1,"22":1,"23":1},"b":{"1":[1,0],"2":[1,1],"3":[1,0],"4":[1,1]},"f":{"1":1,"2":1,"3":1,"4":1},"fnMap":{"1":{"name":"(anonymous_1)","line":12,"loc":{"start":{"line":12,"column":56},"end":{"line":12,"column":73}}},"2":{"name":"(anonymous_2)","line":18,"loc":{"start":{"line":18,"column":58},"end":{"line":18,"column":75}}},"3":{"name":"(anonymous_3)","line":24,"loc":{"start":{"line":24,"column":57},"end":{"line":24,"column":74}}},"4":{"name":"(anonymous_4)","line":30,"loc":{"start":{"line":30,"column":66},"end":{"line":30,"column":83}}}},"statementMap":{"1":{"start":{"line":4,"column":0},"end":{"line":10,"column":1}},"2":{"start":{"line":5,"column":2},"end":{"line":5,"column":33},"skip":true},"3":{"start":{"line":7,"column":2},"end":{"line":7,"column":24},"skip":true},"4":{"start":{"line":8,"column":2},"end":{"line":8,"column":43},"skip":true},"5":{"start":{"line":9,"column":2},"end":{"line":9,"column":41},"skip":true},"6":{"start":{"line":12,"column":0},"end":{"line":16,"column":3}},"7":{"start":{"line":13,"column":2},"end":{"line":13,"column":31}},"8":{"start":{"line":14,"column":2},"end":{"line":14,"column":20}},"9":{"start":{"line":15,"column":2},"end":{"line":15,"column":37}},"10":{"start":{"line":18,"column":0},"end":{"line":22,"column":3}},"11":{"start":{"line":19,"column":2},"end":{"line":19,"column":35}},"12":{"start":{"line":20,"column":2},"end":{"line":20,"column":33}},"13":{"start":{"line":21,"column":2},"end":{"line":21,"column":37}},"14":{"start":{"line":24,"column":0},"end":{"line":28,"column":3}},"15":{"start":{"line":25,"column":2},"end":{"line":25,"column":35}},"16":{"start":{"line":26,"column":2},"end":{"line":26,"column":33}},"17":{"start":{"line":27,"column":2},"end":{"line":27,"column":37}},"18":{"start":{"line":30,"column":0},"end":{"line":34,"column":3}},"19":{"start":{"line":31,"column":2},"end":{"line":31,"column":35}},"20":{"start":{"line":32,"column":2},"end":{"line":32,"column":42}},"21":{"start":{"line":33,"column":2},"end":{"line":33,"column":37}},"22":{"start":{"line":37,"column":0},"end":{"line":37,"column":70},"skip":true},"23":{"start":{"line":37,"column":55},"end":{"line":37,"column":68},"skip":true}},"branchMap":{"1":{"line":4,"type":"if","locations":[{"start":{"line":4,"column":0},"end":{"line":4,"column":0},"skip":true},{"start":{"line":4,"column":0},"end":{"line":4,"column":0}}]},"2":{"line":4,"type":"binary-expr","locations":[{"start":{"line":4,"column":4},"end":{"line":4,"column":33}},{"start":{"line":4,"column":37},"end":{"line":4,"column":51}}]},"3":{"line":37,"type":"if","locations":[{"start":{"line":37,"column":0},"end":{"line":37,"column":0},"skip":true},{"start":{"line":37,"column":0},"end":{"line":37,"column":0},"skip":true}]},"4":{"line":37,"type":"binary-expr","locations":[{"start":{"line":37,"column":4},"end":{"line":37,"column":33},"skip":true},{"start":{"line":37,"column":37},"end":{"line":37,"column":51},"skip":true}]}}},"/Users/czarnegar/Desktop/learn-travis/change.js":{"path":"/Users/czarnegar/Desktop/learn-travis/change.js","s":{"1":1,"2":4,"3":4,"4":4,"5":4,"6":14,"7":3,"8":3,"9":11,"10":2,"11":2,"12":9,"13":1,"14":1,"15":8,"16":3,"17":3,"18":5,"19":2,"20":2,"21":3,"22":2,"23":2,"24":1,"25":1,"26":4,"27":1,"28":1},"b":{"1":[3,11],"2":[2,9],"3":[1,8],"4":[3,5],"5":[2,3],"6":[2,1],"7":[1,0],"8":[1,1]},"f":{"1":4},"fnMap":{"1":{"name":"getChange","line":29,"loc":{"start":{"line":29,"column":0},"end":{"line":29,"column":44}}}},"statementMap":{"1":{"start":{"line":29,"column":0},"end":{"line":67,"column":1}},"2":{"start":{"line":30,"column":4},"end":{"line":30,"column":20}},"3":{"start":{"line":32,"column":4},"end":{"line":40,"column":5}},"4":{"start":{"line":41,"column":4},"end":{"line":41,"column":45}},"5":{"start":{"line":42,"column":4},"end":{"line":65,"column":5}},"6":{"start":{"line":43,"column":6},"end":{"line":64,"column":7}},"7":{"start":{"line":44,"column":8},"end":{"line":44,"column":25}},"8":{"start":{"line":45,"column":8},"end":{"line":45,"column":26}},"9":{"start":{"line":46,"column":13},"end":{"line":64,"column":7}},"10":{"start":{"line":47,"column":8},"end":{"line":47,"column":24}},"11":{"start":{"line":48,"column":8},"end":{"line":48,"column":25}},"12":{"start":{"line":49,"column":13},"end":{"line":64,"column":7}},"13":{"start":{"line":50,"column":8},"end":{"line":50,"column":24}},"14":{"start":{"line":51,"column":8},"end":{"line":51,"column":25}},"15":{"start":{"line":52,"column":13},"end":{"line":64,"column":7}},"16":{"start":{"line":53,"column":8},"end":{"line":53,"column":24}},"17":{"start":{"line":54,"column":8},"end":{"line":54,"column":25}},"18":{"start":{"line":55,"column":13},"end":{"line":64,"column":7}},"19":{"start":{"line":56,"column":8},"end":{"line":56,"column":23}},"20":{"start":{"line":57,"column":8},"end":{"line":57,"column":24}},"21":{"start":{"line":58,"column":13},"end":{"line":64,"column":7}},"22":{"start":{"line":59,"column":8},"end":{"line":59,"column":23}},"23":{"start":{"line":60,"column":8},"end":{"line":60,"column":24}},"24":{"start":{"line":62,"column":8},"end":{"line":62,"column":23}},"25":{"start":{"line":63,"column":8},"end":{"line":63,"column":24}},"26":{"start":{"line":66,"column":4},"end":{"line":66,"column":18}},"27":{"start":{"line":72,"column":0},"end":{"line":74,"column":1},"skip":true},"28":{"start":{"line":73,"column":2},"end":{"line":73,"column":29},"skip":true}},"branchMap":{"1":{"line":43,"type":"if","locations":[{"start":{"line":43,"column":6},"end":{"line":43,"column":6}},{"start":{"line":43,"column":6},"end":{"line":43,"column":6}}]},"2":{"line":46,"type":"if","locations":[{"start":{"line":46,"column":13},"end":{"line":46,"column":13}},{"start":{"line":46,"column":13},"end":{"line":46,"column":13}}]},"3":{"line":49,"type":"if","locations":[{"start":{"line":49,"column":13},"end":{"line":49,"column":13}},{"start":{"line":49,"column":13},"end":{"line":49,"column":13}}]},"4":{"line":52,"type":"if","locations":[{"start":{"line":52,"column":13},"end":{"line":52,"column":13}},{"start":{"line":52,"column":13},"end":{"line":52,"column":13}}]},"5":{"line":55,"type":"if","locations":[{"start":{"line":55,"column":13},"end":{"line":55,"column":13}},{"start":{"line":55,"column":13},"end":{"line":55,"column":13}}]},"6":{"line":58,"type":"if","locations":[{"start":{"line":58,"column":13},"end":{"line":58,"column":13}},{"start":{"line":58,"column":13},"end":{"line":58,"column":13}}]},"7":{"line":72,"type":"if","locations":[{"start":{"line":72,"column":0},"end":{"line":72,"column":0},"skip":true},{"start":{"line":72,"column":0},"end":{"line":72,"column":0},"skip":true}]},"8":{"line":72,"type":"binary-expr","locations":[{"start":{"line":72,"column":4},"end":{"line":72,"column":33},"skip":true},{"start":{"line":72,"column":37},"end":{"line":72,"column":51},"skip":true}]}}}}