TN:
SF:/Users/czarnegar/Desktop/learn-travis/test.js
FN:12,(anonymous_1)
FN:18,(anonymous_2)
FN:24,(anonymous_3)
FN:30,(anonymous_4)
FNF:4
FNH:4
FNDA:1,(anonymous_1)
FNDA:1,(anonymous_2)
FNDA:1,(anonymous_3)
FNDA:1,(anonymous_4)
DA:4,1
DA:5,1
DA:7,1
DA:8,1
DA:9,1
DA:12,1
DA:13,1
DA:14,1
DA:15,1
DA:18,1
DA:19,1
DA:20,1
DA:21,1
DA:24,1
DA:25,1
DA:26,1
DA:27,1
DA:30,1
DA:31,1
DA:32,1
DA:33,1
DA:37,1
LF:22
LH:22
BRDA:4,1,0,1
BRDA:4,1,1,0
BRDA:4,2,0,1
BRDA:4,2,1,1
BRDA:37,3,0,1
BRDA:37,3,1,0
BRDA:37,4,0,1
BRDA:37,4,1,1
BRF:8
BRH:7
end_of_record
TN:
SF:/Users/czarnegar/Desktop/learn-travis/change.js
FN:29,getChange
FNF:1
FNH:1
FNDA:4,getChange
DA:29,1
DA:30,4
DA:32,4
DA:41,4
DA:42,4
DA:43,14
DA:44,3
DA:45,3
DA:46,11
DA:47,2
DA:48,2
DA:49,9
DA:50,1
DA:51,1
DA:52,8
DA:53,3
DA:54,3
DA:55,5
DA:56,2
DA:57,2
DA:58,3
DA:59,2
DA:60,2
DA:62,1
DA:63,1
DA:66,4
DA:72,1
DA:73,1
LF:28
LH:28
BRDA:43,1,0,3
BRDA:43,1,1,11
BRDA:46,2,0,2
BRDA:46,2,1,9
BRDA:49,3,0,1
BRDA:49,3,1,8
BRDA:52,4,0,3
BRDA:52,4,1,5
BRDA:55,5,0,2
BRDA:55,5,1,3
BRDA:58,6,0,2
BRDA:58,6,1,1
BRDA:72,7,0,1
BRDA:72,7,1,0
BRDA:72,8,0,1
BRDA:72,8,1,1
BRF:16
BRH:16
end_of_record
